#
# A fatal error has been detected by the Java Runtime Environment:
#
#  EXCEPTION_ACCESS_VIOLATION (0xc0000005) at pc=0x0000000000000000, pid=13024, tid=3516
#
# JRE version: 6.0_24-b07
# Java VM: Java HotSpot(TM) 64-Bit Server VM (19.1-b02 mixed mode windows-amd64 compressed oops)
# Problematic frame:
# C  0x0000000000000000
#
# If you would like to submit a bug report, please visit:
#   http://java.sun.com/webapps/bugreport/crash.jsp
#

---------------  T H R E A D  ---------------

Current thread (0x00000000004ac000):  GCTaskThread [stack: 0x0000000005f60000,0x0000000006060000] [id=3516]

siginfo: ExceptionCode=0xc0000005, ExceptionInformation=0x0000000000000008 0x0000000000000000

Registers:
RAX=0x000000009c304038, RBX=0x0000000005867170, RCX=0x000000009c304078, RDX=0x000000000052f000
RSP=0x000000000605fb98, RBP=0x0000000005867181, RSI=0x00000000a1e2e000, RDI=0x00000000a1e2c318
R8=0x00000000a1e2c318, R9=0x0000000000000000, R10=0x0000000000000001, R11=0x000000000565f000
R12=0x0000000005867119, R13=0x000000000052f000, R14=0x000000000049b0a0, R15=0x000000000000000c
RIP=0x0000000000000000, EFLAGS=0x0000000000010207

Register to memory mapping:

RAX=0x000000009c304038
{object array class} 
 - klass: {other class}

RBX=0x0000000005867170
0x0000000005867170 is pointing to unknown location

RCX=0x000000009c304078
{object array class} 
 - klass: {other class}

RDX=0x000000000052f000
0x000000000052f000 is pointing to unknown location

RSP=0x000000000605fb98
0x000000000605fb98 is pointing to unknown location

RBP=0x0000000005867181
0x0000000005867181 is pointing to unknown location

RSI=0x00000000a1e2e000
[LBlockZ.world.Voxel; 
 - klass: 'BlockZ/world/Voxel'[]
 - length: 16

RDI=0x00000000a1e2c318

[error occurred during error reporting (printing registers, top of stack, instructions near pc), id 0xc0000005]

Stack: [0x0000000005f60000,0x0000000006060000],  sp=0x000000000605fb98,  free space=1022k

---------------  P R O C E S S  ---------------

Java Threads: ( => current thread )
  0x000000000c378000 JavaThread "jME3 Audio Thread" daemon [_thread_blocked, id=10812, stack(0x0000000012750000,0x0000000012850000)]
  0x000000000016d000 JavaThread "DestroyJavaVM" [_thread_blocked, id=8888, stack(0x0000000002670000,0x0000000002770000)]
  0x000000000c375000 JavaThread "LWJGL Renderer Thread" [_thread_blocked, id=8092, stack(0x000000000fd00000,0x000000000fe00000)]
  0x000000000c534000 JavaThread "TimerQueue" daemon [_thread_blocked, id=10340, stack(0x000000000f400000,0x000000000f500000)]
  0x0000000007e69800 JavaThread "D3D Screen Updater" daemon [_thread_blocked, id=11024, stack(0x000000000d350000,0x000000000d450000)]
  0x0000000007b80800 JavaThread "Image Fetcher 0" daemon [_thread_blocked, id=12656, stack(0x000000000bee0000,0x000000000bfe0000)]
  0x0000000007bd8000 JavaThread "AWT-Windows" daemon [_thread_in_native, id=10140, stack(0x00000000090f0000,0x00000000091f0000)]
  0x0000000007be1000 JavaThread "Java2D Disposer" daemon [_thread_blocked, id=9096, stack(0x0000000008ef0000,0x0000000008ff0000)]
  0x0000000006799800 JavaThread "Low Memory Detector" daemon [_thread_blocked, id=13228, stack(0x0000000007870000,0x0000000007970000)]
  0x0000000006789000 JavaThread "CompilerThread1" daemon [_thread_blocked, id=4400, stack(0x0000000007770000,0x0000000007870000)]
  0x0000000006782000 JavaThread "CompilerThread0" daemon [_thread_blocked, id=14324, stack(0x0000000007670000,0x0000000007770000)]
  0x0000000006780800 JavaThread "Attach Listener" daemon [_thread_blocked, id=3148, stack(0x0000000007570000,0x0000000007670000)]
  0x000000000677f800 JavaThread "Signal Dispatcher" daemon [_thread_blocked, id=4524, stack(0x0000000007470000,0x0000000007570000)]
  0x000000000672d800 JavaThread "Finalizer" daemon [_thread_blocked, id=10948, stack(0x0000000007370000,0x0000000007470000)]
  0x0000000006727800 JavaThread "Reference Handler" daemon [_thread_blocked, id=13544, stack(0x0000000007270000,0x0000000007370000)]

Other Threads:
  0x000000000671e000 VMThread [stack: 0x0000000007170000,0x0000000007270000] [id=12904]
  0x00000000067aa800 WatcherThread [stack: 0x0000000007970000,0x0000000007a70000] [id=10640]

=>0x00000000004ac000 (exited) GCTaskThread [stack: 0x0000000005f60000,0x0000000006060000] [id=3516]

VM state:at safepoint (normal execution)

VM Mutex/Monitor currently owned by a thread:  ([mutex/lock_event])
[0x000000000016b260] Threads_lock - owner thread: 0x000000000671e000
[0x000000000016b760] Heap_lock - owner thread: 0x000000000c375000

Heap
 PSYoungGen      total 28672K, used 28672K [0x00000000e00b0000, 0x00000000e38b0000, 0x0000000100000000)
  eden space 24640K, 100% used [0x00000000e00b0000,0x00000000e18c0000,0x00000000e18c0000)
  from space 4032K, 100% used [0x00000000e18c0000,0x00000000e1cb0000,0x00000000e1cb0000)
  to   space 4032K, 100% used [0x00000000e34c0000,0x00000000e38b0000,0x00000000e38b0000)
 PSOldGen        total 65472K, used 45138K [0x00000000a0200000, 0x00000000a41f0000, 0x00000000e00b0000)
  object space 65472K, 68% used [0x00000000a0200000,0x00000000a2e14b80,0x00000000a41f0000)
 PSPermGen       total 21248K, used 20051K [0x000000009b000000, 0x000000009c4c0000, 0x00000000a0200000)
  object space 21248K, 94% used [0x000000009b000000,0x000000009c394fb0,0x000000009c4c0000)

Dynamic libraries:
0x0000000000400000 - 0x000000000042e000 	C:\Program Files\Java\jdk1.6.0_24\bin\java.exe
0x0000000077370000 - 0x000000007751c000 	C:\Windows\SYSTEM32\ntdll.dll
0x0000000077250000 - 0x000000007736f000 	C:\Windows\system32\kernel32.dll
0x000007fefda60000 - 0x000007fefdacc000 	C:\Windows\system32\KERNELBASE.dll
0x000007fefeba0000 - 0x000007fefec7b000 	C:\Windows\system32\ADVAPI32.dll
0x000007feff0e0000 - 0x000007feff17f000 	C:\Windows\system32\msvcrt.dll
0x000007fefee40000 - 0x000007fefee5f000 	C:\Windows\SYSTEM32\sechost.dll
0x000007fefe9a0000 - 0x000007fefeace000 	C:\Windows\system32\RPCRT4.dll
0x00000000222f0000 - 0x00000000223f5000 	C:\Program Files\CheckPoint\ZAForceField\Plugins\ISWSHEX.dll
0x00000000718c0000 - 0x0000000071989000 	C:\Windows\WinSxS\amd64_microsoft.vc80.crt_1fc8b3b9a1e18e3b_8.0.50727.6195_none_88e41e092fab0294\MSVCR80.dll
0x0000000076ff0000 - 0x00000000770ea000 	C:\Windows\system32\USER32.dll
0x000007feff380000 - 0x000007feff3e7000 	C:\Windows\system32\GDI32.dll
0x000007fefede0000 - 0x000007fefedee000 	C:\Windows\system32\LPK.dll
0x000007fefead0000 - 0x000007fefeb9a000 	C:\Windows\system32\USP10.dll
0x000007fefd890000 - 0x000007fefd8c9000 	C:\Windows\system32\WINTRUST.dll
0x000007fefd8d0000 - 0x000007fefda3a000 	C:\Windows\system32\CRYPT32.dll
0x000007fefd880000 - 0x000007fefd88f000 	C:\Windows\system32\MSASN1.dll
0x00000000717b0000 - 0x00000000718b9000 	C:\Windows\WinSxS\amd64_microsoft.vc80.crt_1fc8b3b9a1e18e3b_8.0.50727.6195_none_88e41e092fab0294\MSVCP80.dll
0x000007feff470000 - 0x000007feff672000 	C:\Windows\system32\ole32.dll
0x000007fefe970000 - 0x000007fefe99e000 	C:\Windows\system32\IMM32.DLL
0x000007feff270000 - 0x000007feff379000 	C:\Windows\system32\MSCTF.dll
0x000007fefbb10000 - 0x000007fefbb3d000 	C:\Windows\system32\ntmarta.dll
0x000007feff180000 - 0x000007feff1d0000 	C:\Windows\system32\WLDAP32.dll
0x000000006d890000 - 0x000000006df94000 	C:\Program Files\Java\jdk1.6.0_24\jre\bin\server\jvm.dll
0x000007fefa9b0000 - 0x000007fefa9eb000 	C:\Windows\system32\WINMM.dll
0x000000006d800000 - 0x000000006d80e000 	C:\Program Files\Java\jdk1.6.0_24\jre\bin\verify.dll
0x000000006d450000 - 0x000000006d477000 	C:\Program Files\Java\jdk1.6.0_24\jre\bin\java.dll
0x000000006d3b0000 - 0x000000006d3ba000 	C:\Program Files\Java\jdk1.6.0_24\jre\bin\hpi.dll
0x0000000077540000 - 0x0000000077547000 	C:\Windows\system32\PSAPI.DLL
0x000000006d850000 - 0x000000006d862000 	C:\Program Files\Java\jdk1.6.0_24\jre\bin\zip.dll
0x000000006d0a0000 - 0x000000006d263000 	C:\Program Files\Java\jdk1.6.0_24\jre\bin\awt.dll
0x000007fefa350000 - 0x000007fefa3c0000 	C:\Windows\system32\WINSPOOL.DRV
0x0000000007e70000 - 0x0000000008bf7000 	C:\Windows\system32\SHELL32.dll
0x000007feff3f0000 - 0x000007feff461000 	C:\Windows\system32\SHLWAPI.dll
0x000007fefc240000 - 0x000007fefc434000 	C:\Windows\WinSxS\amd64_microsoft.windows.common-controls_6595b64144ccf1df_6.0.7600.16661_none_fa62ad231704eab7\COMCTL32.dll
0x000007fefbb80000 - 0x000007fefbb98000 	C:\Windows\system32\DWMAPI.DLL
0x000007fefc110000 - 0x000007fefc166000 	C:\Windows\system32\uxtheme.dll
0x000007fefd710000 - 0x000007fefd71f000 	C:\Windows\system32\CRYPTBASE.dll
0x000000006d340000 - 0x000000006d3a6000 	C:\Program Files\Java\jdk1.6.0_24\jre\bin\fontmanager.dll
0x000007fef1890000 - 0x000007fef1a8f000 	C:\Windows\system32\d3d9.dll
0x000007fefc930000 - 0x000007fefc93c000 	C:\Windows\system32\VERSION.dll
0x000007fefb6e0000 - 0x000007fefb6e7000 	C:\Windows\system32\d3d8thk.dll
0x000007feec8c0000 - 0x000007feeda40000 	C:\Windows\system32\nvd3dumx.dll
0x000007fefc760000 - 0x000007fefc78c000 	C:\Windows\system32\powrprof.dll
0x000007fefee60000 - 0x000007feff037000 	C:\Windows\system32\SETUPAPI.dll
0x000007fefdad0000 - 0x000007fefdb06000 	C:\Windows\system32\CFGMGR32.dll
0x000007fefec80000 - 0x000007fefed57000 	C:\Windows\system32\OLEAUT32.dll
0x000007fefda40000 - 0x000007fefda5a000 	C:\Windows\system32\DEVOBJ.dll
0x0000000180000000 - 0x0000000180116000 	C:\Program Files (x86)\NVIDIA Corporation\3D Vision\nvSCPAPI64.dll
0x000007fef9790000 - 0x000007fef9837000 	C:\Windows\system32\dxgi.dll
0x000007fefa6d0000 - 0x000007fefa992000 	C:\Windows\system32\nvapi64.dll
0x000000006d6a0000 - 0x000000006d6b7000 	C:\Program Files\Java\jdk1.6.0_24\jre\bin\net.dll
0x000007fefedf0000 - 0x000007fefee3d000 	C:\Windows\system32\WS2_32.dll
0x00000000022b0000 - 0x00000000022b8000 	C:\Windows\system32\NSI.dll
0x000007fefd050000 - 0x000007fefd0a4000 	C:\Windows\system32\mswsock.dll
0x000007fefd040000 - 0x000007fefd047000 	C:\Windows\System32\wship6.dll
0x000000006d6c0000 - 0x000000006d6cb000 	C:\Program Files\Java\jdk1.6.0_24\jre\bin\nio.dll
0x000007feff1d0000 - 0x000007feff269000 	C:\Windows\system32\CLBCatQ.DLL
0x0000000008e00000 - 0x0000000008e4f000 	C:\Users\Christopher\Documents\JMonkeyProjects\VertexTest\lwjgl64.dll
0x000007fef8090000 - 0x000007fef81ad000 	C:\Windows\system32\OPENGL32.dll
0x000007fefa060000 - 0x000007fefa08d000 	C:\Windows\system32\GLU32.dll
0x000007fef82a0000 - 0x000007fef8391000 	C:\Windows\system32\DDRAW.dll
0x000007fefc730000 - 0x000007fefc738000 	C:\Windows\system32\DCIMAN32.dll
0x0000000057a50000 - 0x00000000593a1000 	C:\Windows\system32\nvoglv64.DLL
0x000007fefa9f0000 - 0x000007fefaa8c000 	C:\Windows\system32\mscms.dll
0x000007fefcb30000 - 0x000007fefcb4e000 	C:\Windows\system32\USERENV.dll
0x000007fefd7e0000 - 0x000007fefd7ef000 	C:\Windows\system32\profapi.dll
0x000007fef88f0000 - 0x000007fef8932000 	C:\Windows\system32\icm32.dll
0x000000000c920000 - 0x000000000c982000 	C:\Users\Christopher\Documents\JMonkeyProjects\VertexTest\OpenAL64.dll
0x000007fefc070000 - 0x000007fefc0bb000 	C:\Windows\System32\MMDevApi.dll
0x000007fefbf40000 - 0x000007fefc06c000 	C:\Windows\System32\PROPSYS.dll
0x000007fef8400000 - 0x000007fef8488000 	C:\Windows\system32\dsound.dll
0x000007fef55e0000 - 0x000007fef562f000 	C:\Windows\system32\AUDIOSES.DLL
0x000000006d570000 - 0x000000006d5a5000 	C:\Program Files\Java\jdk1.6.0_24\jre\bin\jpeg.dll

VM Arguments:
jvm_args: -Dfile.encoding=UTF-8 
java_command: BlockZ.Main
Launcher Type: SUN_STANDARD

Environment Variables:
JAVA_HOME=C:\Program Files\Java\jdk1.6.0_24
CLASSPATH=.;C:\Program Files (x86)\Java\jre6\lib\ext\QTJava.zip
PATH=C:\Program Files\Common Files\Microsoft Shared\Windows Live;C:\Program Files (x86)\NVIDIA Corporation\PhysX\Common;C:\Program Files (x86)\MiKTeX 2.9\miktex\bin;C:\InstantRhodes\make-3.81\bin;C:\InstantRhodes\redis-1.2.6-windows;C:\InstantRhodes\ruby\bin;C:\Windows\system32;C:\Windows;C:\Windows\System32\Wbem;C:\Windows\System32\WindowsPowerShell\v1.0\;C:\Program Files\TortoiseSVN\bin;C:\Program Files (x86)\Java\jre6\bin;C:\Program Files (x86)\Java\jre6\lib;C:\Program Files (x86)\QuickTime\QTSystem\;c:\Program Files (x86)\Microsoft SQL Server\100\Tools\Binn\;c:\Program Files\Microsoft SQL Server\100\Tools\Binn\;c:\Program Files\Microsoft SQL Server\100\DTS\Binn\;C:\Program Files (x86)\MySQL\MySQL Server 5.5\bin;C:\Program Files (x86)\GtkSharp\2.12\bin;C:\Program Files (x86)\Smart Projects\IsoBuster;C:\Users\Christopher\Tools\apache-maven-3.0.3\bin;C:\Users\Christopher\Tools\apache-ant-1.8.2\bin;C:\Python32;C:\Program Files (x86)\Graphviz 2.28\bin;C:\Program Files\Common Files\Microsoft Shared\Windows Live;C:\Program Files (x86)\Graphviz 2.28\bin
USERNAME=Christopher
OS=Windows_NT
PROCESSOR_IDENTIFIER=Intel64 Family 6 Model 26 Stepping 5, GenuineIntel



---------------  S Y S T E M  ---------------

OS: Windows 7 Build 7600 

CPU:total 8 (4 cores per cpu, 2 threads per core) family 6 model 26 stepping 5, cmov, cx8, fxsr, mmx, sse, sse2, sse3, ssse3, sse4.1, sse4.2, popcnt, ht

Memory: 4k page, physical 6282360k(2184252k free), swap 12562820k(5035984k free)

vm_info: Java HotSpot(TM) 64-Bit Server VM (19.1-b02) for windows-amd64 JRE (1.6.0_24-b07), built on Feb  2 2011 16:25:45 by "java_re" with MS VC++ 8.0 (VS2005)

time: Sun Jan 06 00:20:01 2013
elapsed time: 3 seconds

